2022-08-17 23:31:10.819  INFO 92878 --- [restartedMain] .SpringBootThymeleafStarAdminApplication : Starting SpringBootThymeleafStarAdminApplication on apples-MacBook-Pro.local with PID 92878 (started by apple in /Users/apple/IntelliJ Idea Project/untitled folder/spring-boot-thymeleaf-staradmin-demo-master)
2022-08-17 23:31:10.823  INFO 92878 --- [restartedMain] .SpringBootThymeleafStarAdminApplication : No active profile set, falling back to default profiles: default
2022-08-17 23:31:11.009  INFO 92878 --- [restartedMain] ConfigServletWebServerApplicationContext : Refreshing org.springframework.boot.web.servlet.context.AnnotationConfigServletWebServerApplicationContext@ad46ca5: startup date [Wed Aug 17 23:31:11 CAT 2022]; root of context hierarchy
2022-08-17 23:31:11.472 ERROR 92878 --- [restartedMain] o.s.boot.SpringApplication               : Application run failed

java.lang.IllegalStateException: Cannot load configuration class: com.farhan.staradmin.SpringBootThymeleafStarAdminApplication
	at org.springframework.context.annotation.ConfigurationClassPostProcessor.enhanceConfigurationClasses(ConfigurationClassPostProcessor.java:414) ~[spring-context-5.0.10.RELEASE.jar:5.0.10.RELEASE]
	at org.springframework.context.annotation.ConfigurationClassPostProcessor.postProcessBeanFactory(ConfigurationClassPostProcessor.java:254) ~[spring-context-5.0.10.RELEASE.jar:5.0.10.RELEASE]
	at org.springframework.context.support.PostProcessorRegistrationDelegate.invokeBeanFactoryPostProcessors(PostProcessorRegistrationDelegate.java:282) ~[spring-context-5.0.10.RELEASE.jar:5.0.10.RELEASE]
	at org.springframework.context.support.PostProcessorRegistrationDelegate.invokeBeanFactoryPostProcessors(PostProcessorRegistrationDelegate.java:126) ~[spring-context-5.0.10.RELEASE.jar:5.0.10.RELEASE]
	at org.springframework.context.support.AbstractApplicationContext.invokeBeanFactoryPostProcessors(AbstractApplicationContext.java:692) ~[spring-context-5.0.10.RELEASE.jar:5.0.10.RELEASE]
	at org.springframework.context.support.AbstractApplicationContext.refresh(AbstractApplicationContext.java:530) ~[spring-context-5.0.10.RELEASE.jar:5.0.10.RELEASE]
	at org.springframework.boot.web.servlet.context.ServletWebServerApplicationContext.refresh(ServletWebServerApplicationContext.java:140) ~[spring-boot-2.0.6.RELEASE.jar:2.0.6.RELEASE]
	at org.springframework.boot.SpringApplication.refresh(SpringApplication.java:754) ~[spring-boot-2.0.6.RELEASE.jar:2.0.6.RELEASE]
	at org.springframework.boot.SpringApplication.refreshContext(SpringApplication.java:386) ~[spring-boot-2.0.6.RELEASE.jar:2.0.6.RELEASE]
	at org.springframework.boot.SpringApplication.run(SpringApplication.java:307) ~[spring-boot-2.0.6.RELEASE.jar:2.0.6.RELEASE]
	at org.springframework.boot.SpringApplication.run(SpringApplication.java:1242) ~[spring-boot-2.0.6.RELEASE.jar:2.0.6.RELEASE]
	at org.springframework.boot.SpringApplication.run(SpringApplication.java:1230) ~[spring-boot-2.0.6.RELEASE.jar:2.0.6.RELEASE]
	at com.farhan.staradmin.SpringBootThymeleafStarAdminApplication.main(SpringBootThymeleafStarAdminApplication.java:10) ~[classes/:na]
	at java.base/jdk.internal.reflect.DirectMethodHandleAccessor.invoke(DirectMethodHandleAccessor.java:104) ~[na:na]
	at java.base/java.lang.reflect.Method.invoke(Method.java:577) ~[na:na]
	at org.springframework.boot.devtools.restart.RestartLauncher.run(RestartLauncher.java:49) ~[spring-boot-devtools-2.0.6.RELEASE.jar:2.0.6.RELEASE]
Caused by: java.lang.ExceptionInInitializerError: null
	at org.springframework.context.annotation.ConfigurationClassEnhancer.newEnhancer(ConfigurationClassEnhancer.java:122) ~[spring-context-5.0.10.RELEASE.jar:5.0.10.RELEASE]
	at org.springframework.context.annotation.ConfigurationClassEnhancer.enhance(ConfigurationClassEnhancer.java:110) ~[spring-context-5.0.10.RELEASE.jar:5.0.10.RELEASE]
	at org.springframework.context.annotation.ConfigurationClassPostProcessor.enhanceConfigurationClasses(ConfigurationClassPostProcessor.java:403) ~[spring-context-5.0.10.RELEASE.jar:5.0.10.RELEASE]
	... 15 common frames omitted
Caused by: org.springframework.cglib.core.CodeGenerationException: java.lang.reflect.InaccessibleObjectException-->Unable to make protected final java.lang.Class java.lang.ClassLoader.defineClass(java.lang.String,byte[],int,int,java.security.ProtectionDomain) throws java.lang.ClassFormatError accessible: module java.base does not "opens java.lang" to unnamed module @6ebc05a6
	at org.springframework.cglib.core.ReflectUtils.defineClass(ReflectUtils.java:464) ~[spring-core-5.0.10.RELEASE.jar:5.0.10.RELEASE]
	at org.springframework.cglib.core.AbstractClassGenerator.generate(AbstractClassGenerator.java:336) ~[spring-core-5.0.10.RELEASE.jar:5.0.10.RELEASE]
	at org.springframework.cglib.core.AbstractClassGenerator$ClassLoaderData$3.apply(AbstractClassGenerator.java:93) ~[spring-core-5.0.10.RELEASE.jar:5.0.10.RELEASE]
	at org.springframework.cglib.core.AbstractClassGenerator$ClassLoaderData$3.apply(AbstractClassGenerator.java:91) ~[spring-core-5.0.10.RELEASE.jar:5.0.10.RELEASE]
	at org.springframework.cglib.core.internal.LoadingCache$2.call(LoadingCache.java:54) ~[spring-core-5.0.10.RELEASE.jar:5.0.10.RELEASE]
	at java.base/java.util.concurrent.FutureTask.run(FutureTask.java:264) ~[na:na]
	at org.springframework.cglib.core.internal.LoadingCache.createEntry(LoadingCache.java:61) ~[spring-core-5.0.10.RELEASE.jar:5.0.10.RELEASE]
	at org.springframework.cglib.core.internal.LoadingCache.get(LoadingCache.java:34) ~[spring-core-5.0.10.RELEASE.jar:5.0.10.RELEASE]
	at org.springframework.cglib.core.AbstractClassGenerator$ClassLoaderData.get(AbstractClassGenerator.java:116) ~[spring-core-5.0.10.RELEASE.jar:5.0.10.RELEASE]
	at org.springframework.cglib.core.AbstractClassGenerator.create(AbstractClassGenerator.java:291) ~[spring-core-5.0.10.RELEASE.jar:5.0.10.RELEASE]
	at org.springframework.cglib.core.KeyFactory$Generator.create(KeyFactory.java:221) ~[spring-core-5.0.10.RELEASE.jar:5.0.10.RELEASE]
	at org.springframework.cglib.core.KeyFactory.create(KeyFactory.java:174) ~[spring-core-5.0.10.RELEASE.jar:5.0.10.RELEASE]
	at org.springframework.cglib.core.KeyFactory.create(KeyFactory.java:153) ~[spring-core-5.0.10.RELEASE.jar:5.0.10.RELEASE]
	at org.springframework.cglib.proxy.Enhancer.<clinit>(Enhancer.java:73) ~[spring-core-5.0.10.RELEASE.jar:5.0.10.RELEASE]
	... 18 common frames omitted
Caused by: java.lang.reflect.InaccessibleObjectException: Unable to make protected final java.lang.Class java.lang.ClassLoader.defineClass(java.lang.String,byte[],int,int,java.security.ProtectionDomain) throws java.lang.ClassFormatError accessible: module java.base does not "opens java.lang" to unnamed module @6ebc05a6
	at java.base/java.lang.reflect.AccessibleObject.checkCanSetAccessible(AccessibleObject.java:354) ~[na:na]
	at java.base/java.lang.reflect.AccessibleObject.checkCanSetAccessible(AccessibleObject.java:297) ~[na:na]
	at java.base/java.lang.reflect.Method.checkCanSetAccessible(Method.java:200) ~[na:na]
	at java.base/java.lang.reflect.Method.setAccessible(Method.java:194) ~[na:na]
	at org.springframework.cglib.core.ReflectUtils$1.run(ReflectUtils.java:61) ~[spring-core-5.0.10.RELEASE.jar:5.0.10.RELEASE]
	at java.base/java.security.AccessController.doPrivileged(AccessController.java:569) ~[na:na]
	at org.springframework.cglib.core.ReflectUtils.<clinit>(ReflectUtils.java:52) ~[spring-core-5.0.10.RELEASE.jar:5.0.10.RELEASE]
	at org.springframework.cglib.core.KeyFactory$Generator.generateClass(KeyFactory.java:243) ~[spring-core-5.0.10.RELEASE.jar:5.0.10.RELEASE]
	at org.springframework.cglib.core.DefaultGeneratorStrategy.generate(DefaultGeneratorStrategy.java:25) ~[spring-core-5.0.10.RELEASE.jar:5.0.10.RELEASE]
	at org.springframework.cglib.core.AbstractClassGenerator.generate(AbstractClassGenerator.java:329) ~[spring-core-5.0.10.RELEASE.jar:5.0.10.RELEASE]
	... 30 common frames omitted

2022-08-17 23:31:11.474  INFO 92878 --- [restartedMain] ConfigServletWebServerApplicationContext : Closing org.springframework.boot.web.servlet.context.AnnotationConfigServletWebServerApplicationContext@ad46ca5: startup date [Wed Aug 17 23:31:11 CAT 2022]; root of context hierarchy
